<?xml version="1.0" encoding="UTF-8"?>
<!-- Generated by org.testng.reporters.JUnitReportReporter -->
<testsuite hostname="DESKTOP-DELL" failures="0" tests="4" name="test.testSuite1" time="34.643" errors="0" timestamp="2020-05-30T17:16:49 IST" skipped="0">
  <testcase classname="test.testSuite1" name="loginPage" time="14.234"/>
  <system-out/>
  <testcase classname="test.testSuite1" name="productSelection" time="6.499"/>
  <system-out>
Product Title: Dettol Original Liquid Hand Wash Refill Hand Wash Pouch Product price: 109  </system-out>
  <testcase classname="test.testSuite1" name="addToBasket" time="11.782"/>
  <system-out/>
  <testcase classname="test.testSuite1" name="comparePrice" time="2.128"/>
  <system-out>
Delivery Charges: 50 Delivery Charges + Product price = 159 All price are same Total price for the product is equal to total amount to be paid  </system-out>
</testsuite> <!-- test.testSuite1 -->
